Build started 24/05/2017 16:16:34.
     1>Project "C:\Users\cwithall\Documents\Visual Studio 2012\Projects\TheCorridor\TheCorridor\TheCorridor.vcxproj" on node 2 (Build target(s)).
     1>ClCompile:
         C:\Program Files (x86)\Microsoft Visual Studio 11.0\VC\bin\CL.exe /c /ZI /nologo /W3 /WX- /sdl /Od /Oy- /D WIN32 /D _DEBUG /D _CONSOLE /D _UNICODE /D UNICODE /Gm /EHsc /RTC1 /MDd /GS /fp:precise /Zc:wchar_t /Zc:forScope /Yu"stdafx.h" /Fp"Debug\TheCorridor.pch" /Fo"Debug\\" /Fd"Debug\vc110.pdb" /Gd /TP /analyze- /errorReport:prompt Command.cpp GoCommand.cpp InputHandler.cpp InvestigateCommand.cpp LookCommand.cpp Player.cpp Room.cpp ServiceLocator.cpp TakeCommand.cpp TheCorridor.cpp World.cpp XMLParser.cpp
         Command.cpp
         Generating Code...
         Compiling...
         XMLParser.cpp
         World.cpp
         TheCorridor.cpp
         TakeCommand.cpp
         ServiceLocator.cpp
         Room.cpp
         Player.cpp
         LookCommand.cpp
         InvestigateCommand.cpp
         InputHandler.cpp
     1>c:\users\cwithall\documents\visual studio 2012\projects\thecorridor\thecorridor\inputhandler.cpp(125): warning C4018: '<' : signed/unsigned mismatch
         GoCommand.cpp
         Generating Code...
       Link:
         C:\Program Files (x86)\Microsoft Visual Studio 11.0\VC\bin\link.exe /ERRORREPORT:PROMPT /OUT:"C:\Users\cwithall\Documents\Visual Studio 2012\Projects\TheCorridor\Debug\TheCorridor.exe" /INCREMENTAL /NOLOGO kernel32.lib user32.lib gdi32.lib winspool.lib comdlg32.lib advapi32.lib shell32.lib ole32.lib oleaut32.lib uuid.lib odbc32.lib odbccp32.lib /MANIFEST /MANIFESTUAC:"level='asInvoker' uiAccess='false'" /manifest:embed /DEBUG /PDB:"C:\Users\cwithall\Documents\Visual Studio 2012\Projects\TheCorridor\Debug\TheCorridor.pdb" /SUBSYSTEM:CONSOLE /TLBID:1 /DYNAMICBASE /NXCOMPAT /IMPLIB:"C:\Users\cwithall\Documents\Visual Studio 2012\Projects\TheCorridor\Debug\TheCorridor.lib" /MACHINE:X86 Debug\Command.obj
         Debug\ConsoleWriter.obj
         Debug\Definitions.obj
         Debug\GoCommand.obj
         Debug\InputHandler.obj
         Debug\InvestigateCommand.obj
         Debug\LookCommand.obj
         Debug\Player.obj
         Debug\Room.obj
         Debug\ServiceLocator.obj
         Debug\stdafx.obj
         Debug\TakeCommand.obj
         Debug\TheCorridor.obj
         Debug\World.obj
         Debug\XMLParser.obj
         TheCorridor.vcxproj -> C:\Users\cwithall\Documents\Visual Studio 2012\Projects\TheCorridor\Debug\TheCorridor.exe
     1>Done Building Project "C:\Users\cwithall\Documents\Visual Studio 2012\Projects\TheCorridor\TheCorridor\TheCorridor.vcxproj" (Build target(s)).

Build succeeded.

Time Elapsed 00:00:05.98
