C:\USERS\CWITHALL\DOCUMENTS\VISUAL STUDIO 2012\PROJECTS\THECORRIDOR\THECORRIDOR\DEBUG\THECORRIDOR.PCH
C:\USERS\CWITHALL\DOCUMENTS\VISUAL STUDIO 2012\PROJECTS\THECORRIDOR\THECORRIDOR\DEBUG\STDAFX.OBJ
C:\USERS\CWITHALL\DOCUMENTS\VISUAL STUDIO 2012\PROJECTS\THECORRIDOR\THECORRIDOR\DEBUG\VC110.PDB
C:\USERS\CWITHALL\DOCUMENTS\VISUAL STUDIO 2012\PROJECTS\THECORRIDOR\THECORRIDOR\DEBUG\GOCOMMAND.OBJ
C:\USERS\CWITHALL\DOCUMENTS\VISUAL STUDIO 2012\PROJECTS\THECORRIDOR\THECORRIDOR\DEBUG\COMMAND.OBJ
C:\USERS\CWITHALL\DOCUMENTS\VISUAL STUDIO 2012\PROJECTS\THECORRIDOR\THECORRIDOR\DEBUG\INPUTHANDLER.OBJ
C:\USERS\CWITHALL\DOCUMENTS\VISUAL STUDIO 2012\PROJECTS\THECORRIDOR\THECORRIDOR\DEBUG\THECORRIDOR.OBJ
C:\USERS\CWITHALL\DOCUMENTS\VISUAL STUDIO 2012\PROJECTS\THECORRIDOR\THECORRIDOR\DEBUG\INVESTIGATECOMMAND.OBJ
C:\USERS\CWITHALL\DOCUMENTS\VISUAL STUDIO 2012\PROJECTS\THECORRIDOR\THECORRIDOR\DEBUG\LOOKCOMMAND.OBJ
C:\USERS\CWITHALL\DOCUMENTS\VISUAL STUDIO 2012\PROJECTS\THECORRIDOR\THECORRIDOR\DEBUG\TAKECOMMAND.OBJ
C:\USERS\CWITHALL\DOCUMENTS\VISUAL STUDIO 2012\PROJECTS\THECORRIDOR\THECORRIDOR\DEBUG\CONSOLEWRITER.OBJ
C:\USERS\CWITHALL\DOCUMENTS\VISUAL STUDIO 2012\PROJECTS\THECORRIDOR\THECORRIDOR\DEBUG\SERVICELOCATOR.OBJ
C:\USERS\CWITHALL\DOCUMENTS\VISUAL STUDIO 2012\PROJECTS\THECORRIDOR\THECORRIDOR\DEBUG\PLAYER.OBJ
C:\USERS\CWITHALL\DOCUMENTS\VISUAL STUDIO 2012\PROJECTS\THECORRIDOR\THECORRIDOR\DEBUG\ROOM.OBJ
C:\USERS\CWITHALL\DOCUMENTS\VISUAL STUDIO 2012\PROJECTS\THECORRIDOR\DEBUG\THECORRIDOR.ILK
C:\USERS\CWITHALL\DOCUMENTS\VISUAL STUDIO 2012\PROJECTS\THECORRIDOR\DEBUG\THECORRIDOR.EXE
C:\USERS\CWITHALL\DOCUMENTS\VISUAL STUDIO 2012\PROJECTS\THECORRIDOR\DEBUG\THECORRIDOR.PDB
C:\Users\cwithall\Documents\Visual Studio 2012\Projects\TheCorridor\TheCorridor\Debug\Command.obj
C:\Users\cwithall\Documents\Visual Studio 2012\Projects\TheCorridor\TheCorridor\Debug\ConsoleWriter.obj
C:\Users\cwithall\Documents\Visual Studio 2012\Projects\TheCorridor\TheCorridor\Debug\GoCommand.obj
C:\Users\cwithall\Documents\Visual Studio 2012\Projects\TheCorridor\TheCorridor\Debug\InputHandler.obj
C:\Users\cwithall\Documents\Visual Studio 2012\Projects\TheCorridor\TheCorridor\Debug\InvestigateCommand.obj
C:\Users\cwithall\Documents\Visual Studio 2012\Projects\TheCorridor\TheCorridor\Debug\LookCommand.obj
C:\Users\cwithall\Documents\Visual Studio 2012\Projects\TheCorridor\TheCorridor\Debug\Player.obj
C:\Users\cwithall\Documents\Visual Studio 2012\Projects\TheCorridor\TheCorridor\Debug\Room.obj
C:\Users\cwithall\Documents\Visual Studio 2012\Projects\TheCorridor\TheCorridor\Debug\ServiceLocator.obj
C:\Users\cwithall\Documents\Visual Studio 2012\Projects\TheCorridor\TheCorridor\Debug\stdafx.obj
C:\Users\cwithall\Documents\Visual Studio 2012\Projects\TheCorridor\TheCorridor\Debug\TakeCommand.obj
C:\Users\cwithall\Documents\Visual Studio 2012\Projects\TheCorridor\TheCorridor\Debug\TheCorridor.obj
C:\Users\cwithall\Documents\Visual Studio 2012\Projects\TheCorridor\TheCorridor\Debug\cl.command.1.tlog
C:\Users\cwithall\Documents\Visual Studio 2012\Projects\TheCorridor\TheCorridor\Debug\CL.read.1.tlog
C:\Users\cwithall\Documents\Visual Studio 2012\Projects\TheCorridor\TheCorridor\Debug\CL.write.1.tlog
C:\Users\cwithall\Documents\Visual Studio 2012\Projects\TheCorridor\TheCorridor\Debug\link-cvtres.read.1.tlog
C:\Users\cwithall\Documents\Visual Studio 2012\Projects\TheCorridor\TheCorridor\Debug\link-cvtres.write.1.tlog
C:\Users\cwithall\Documents\Visual Studio 2012\Projects\TheCorridor\TheCorridor\Debug\link-rc.read.1.tlog
C:\Users\cwithall\Documents\Visual Studio 2012\Projects\TheCorridor\TheCorridor\Debug\link-rc.write.1.tlog
C:\Users\cwithall\Documents\Visual Studio 2012\Projects\TheCorridor\TheCorridor\Debug\link.11632-cvtres.read.1.tlog
C:\Users\cwithall\Documents\Visual Studio 2012\Projects\TheCorridor\TheCorridor\Debug\link.11632-cvtres.write.1.tlog
C:\Users\cwithall\Documents\Visual Studio 2012\Projects\TheCorridor\TheCorridor\Debug\link.11632-rc.read.1.tlog
C:\Users\cwithall\Documents\Visual Studio 2012\Projects\TheCorridor\TheCorridor\Debug\link.11632-rc.write.1.tlog
C:\Users\cwithall\Documents\Visual Studio 2012\Projects\TheCorridor\TheCorridor\Debug\link.11632.read.1.tlog
C:\Users\cwithall\Documents\Visual Studio 2012\Projects\TheCorridor\TheCorridor\Debug\link.11632.write.1.tlog
C:\Users\cwithall\Documents\Visual Studio 2012\Projects\TheCorridor\TheCorridor\Debug\link.12860-cvtres.read.1.tlog
C:\Users\cwithall\Documents\Visual Studio 2012\Projects\TheCorridor\TheCorridor\Debug\link.12860-cvtres.write.1.tlog
C:\Users\cwithall\Documents\Visual Studio 2012\Projects\TheCorridor\TheCorridor\Debug\link.12860-rc.read.1.tlog
C:\Users\cwithall\Documents\Visual Studio 2012\Projects\TheCorridor\TheCorridor\Debug\link.12860-rc.write.1.tlog
C:\Users\cwithall\Documents\Visual Studio 2012\Projects\TheCorridor\TheCorridor\Debug\link.12860.read.1.tlog
C:\Users\cwithall\Documents\Visual Studio 2012\Projects\TheCorridor\TheCorridor\Debug\link.12860.write.1.tlog
C:\Users\cwithall\Documents\Visual Studio 2012\Projects\TheCorridor\TheCorridor\Debug\link.13828-cvtres.read.1.tlog
C:\Users\cwithall\Documents\Visual Studio 2012\Projects\TheCorridor\TheCorridor\Debug\link.13828-cvtres.write.1.tlog
C:\Users\cwithall\Documents\Visual Studio 2012\Projects\TheCorridor\TheCorridor\Debug\link.13828-rc.read.1.tlog
C:\Users\cwithall\Documents\Visual Studio 2012\Projects\TheCorridor\TheCorridor\Debug\link.13828-rc.write.1.tlog
C:\Users\cwithall\Documents\Visual Studio 2012\Projects\TheCorridor\TheCorridor\Debug\link.13828.read.1.tlog
C:\Users\cwithall\Documents\Visual Studio 2012\Projects\TheCorridor\TheCorridor\Debug\link.13828.write.1.tlog
C:\Users\cwithall\Documents\Visual Studio 2012\Projects\TheCorridor\TheCorridor\Debug\link.14380-cvtres.read.1.tlog
C:\Users\cwithall\Documents\Visual Studio 2012\Projects\TheCorridor\TheCorridor\Debug\link.14380-cvtres.write.1.tlog
C:\Users\cwithall\Documents\Visual Studio 2012\Projects\TheCorridor\TheCorridor\Debug\link.14380-rc.read.1.tlog
C:\Users\cwithall\Documents\Visual Studio 2012\Projects\TheCorridor\TheCorridor\Debug\link.14380-rc.write.1.tlog
C:\Users\cwithall\Documents\Visual Studio 2012\Projects\TheCorridor\TheCorridor\Debug\link.14380.read.1.tlog
C:\Users\cwithall\Documents\Visual Studio 2012\Projects\TheCorridor\TheCorridor\Debug\link.14380.write.1.tlog
C:\Users\cwithall\Documents\Visual Studio 2012\Projects\TheCorridor\TheCorridor\Debug\link.16960-cvtres.read.1.tlog
C:\Users\cwithall\Documents\Visual Studio 2012\Projects\TheCorridor\TheCorridor\Debug\link.16960-cvtres.write.1.tlog
C:\Users\cwithall\Documents\Visual Studio 2012\Projects\TheCorridor\TheCorridor\Debug\link.16960-rc.read.1.tlog
C:\Users\cwithall\Documents\Visual Studio 2012\Projects\TheCorridor\TheCorridor\Debug\link.16960-rc.write.1.tlog
C:\Users\cwithall\Documents\Visual Studio 2012\Projects\TheCorridor\TheCorridor\Debug\link.16960.read.1.tlog
C:\Users\cwithall\Documents\Visual Studio 2012\Projects\TheCorridor\TheCorridor\Debug\link.16960.write.1.tlog
C:\Users\cwithall\Documents\Visual Studio 2012\Projects\TheCorridor\TheCorridor\Debug\link.17336-cvtres.read.1.tlog
C:\Users\cwithall\Documents\Visual Studio 2012\Projects\TheCorridor\TheCorridor\Debug\link.17336-cvtres.write.1.tlog
C:\Users\cwithall\Documents\Visual Studio 2012\Projects\TheCorridor\TheCorridor\Debug\link.17336-rc.read.1.tlog
C:\Users\cwithall\Documents\Visual Studio 2012\Projects\TheCorridor\TheCorridor\Debug\link.17336-rc.write.1.tlog
C:\Users\cwithall\Documents\Visual Studio 2012\Projects\TheCorridor\TheCorridor\Debug\link.17336.read.1.tlog
C:\Users\cwithall\Documents\Visual Studio 2012\Projects\TheCorridor\TheCorridor\Debug\link.17336.write.1.tlog
C:\Users\cwithall\Documents\Visual Studio 2012\Projects\TheCorridor\TheCorridor\Debug\link.19440-cvtres.read.1.tlog
C:\Users\cwithall\Documents\Visual Studio 2012\Projects\TheCorridor\TheCorridor\Debug\link.19440-cvtres.write.1.tlog
C:\Users\cwithall\Documents\Visual Studio 2012\Projects\TheCorridor\TheCorridor\Debug\link.19440-rc.read.1.tlog
C:\Users\cwithall\Documents\Visual Studio 2012\Projects\TheCorridor\TheCorridor\Debug\link.19440-rc.write.1.tlog
C:\Users\cwithall\Documents\Visual Studio 2012\Projects\TheCorridor\TheCorridor\Debug\link.19440.read.1.tlog
C:\Users\cwithall\Documents\Visual Studio 2012\Projects\TheCorridor\TheCorridor\Debug\link.19440.write.1.tlog
C:\Users\cwithall\Documents\Visual Studio 2012\Projects\TheCorridor\TheCorridor\Debug\link.20732-cvtres.read.1.tlog
C:\Users\cwithall\Documents\Visual Studio 2012\Projects\TheCorridor\TheCorridor\Debug\link.20732-cvtres.write.1.tlog
C:\Users\cwithall\Documents\Visual Studio 2012\Projects\TheCorridor\TheCorridor\Debug\link.20732-rc.read.1.tlog
C:\Users\cwithall\Documents\Visual Studio 2012\Projects\TheCorridor\TheCorridor\Debug\link.20732-rc.write.1.tlog
C:\Users\cwithall\Documents\Visual Studio 2012\Projects\TheCorridor\TheCorridor\Debug\link.20732.read.1.tlog
C:\Users\cwithall\Documents\Visual Studio 2012\Projects\TheCorridor\TheCorridor\Debug\link.20732.write.1.tlog
C:\Users\cwithall\Documents\Visual Studio 2012\Projects\TheCorridor\TheCorridor\Debug\link.21432-cvtres.read.1.tlog
C:\Users\cwithall\Documents\Visual Studio 2012\Projects\TheCorridor\TheCorridor\Debug\link.21432-cvtres.write.1.tlog
C:\Users\cwithall\Documents\Visual Studio 2012\Projects\TheCorridor\TheCorridor\Debug\link.21432-rc.read.1.tlog
C:\Users\cwithall\Documents\Visual Studio 2012\Projects\TheCorridor\TheCorridor\Debug\link.21432-rc.write.1.tlog
C:\Users\cwithall\Documents\Visual Studio 2012\Projects\TheCorridor\TheCorridor\Debug\link.21432.read.1.tlog
C:\Users\cwithall\Documents\Visual Studio 2012\Projects\TheCorridor\TheCorridor\Debug\link.21432.write.1.tlog
C:\Users\cwithall\Documents\Visual Studio 2012\Projects\TheCorridor\TheCorridor\Debug\link.22136-cvtres.read.1.tlog
C:\Users\cwithall\Documents\Visual Studio 2012\Projects\TheCorridor\TheCorridor\Debug\link.22136-cvtres.write.1.tlog
C:\Users\cwithall\Documents\Visual Studio 2012\Projects\TheCorridor\TheCorridor\Debug\link.22136-rc.read.1.tlog
C:\Users\cwithall\Documents\Visual Studio 2012\Projects\TheCorridor\TheCorridor\Debug\link.22136-rc.write.1.tlog
C:\Users\cwithall\Documents\Visual Studio 2012\Projects\TheCorridor\TheCorridor\Debug\link.22136.read.1.tlog
C:\Users\cwithall\Documents\Visual Studio 2012\Projects\TheCorridor\TheCorridor\Debug\link.22136.write.1.tlog
C:\Users\cwithall\Documents\Visual Studio 2012\Projects\TheCorridor\TheCorridor\Debug\link.2740-cvtres.read.1.tlog
C:\Users\cwithall\Documents\Visual Studio 2012\Projects\TheCorridor\TheCorridor\Debug\link.2740-cvtres.write.1.tlog
C:\Users\cwithall\Documents\Visual Studio 2012\Projects\TheCorridor\TheCorridor\Debug\link.2740-rc.read.1.tlog
C:\Users\cwithall\Documents\Visual Studio 2012\Projects\TheCorridor\TheCorridor\Debug\link.2740-rc.write.1.tlog
C:\Users\cwithall\Documents\Visual Studio 2012\Projects\TheCorridor\TheCorridor\Debug\link.2740.read.1.tlog
C:\Users\cwithall\Documents\Visual Studio 2012\Projects\TheCorridor\TheCorridor\Debug\link.2740.write.1.tlog
C:\Users\cwithall\Documents\Visual Studio 2012\Projects\TheCorridor\TheCorridor\Debug\link.4656-cvtres.read.1.tlog
C:\Users\cwithall\Documents\Visual Studio 2012\Projects\TheCorridor\TheCorridor\Debug\link.4656-cvtres.write.1.tlog
C:\Users\cwithall\Documents\Visual Studio 2012\Projects\TheCorridor\TheCorridor\Debug\link.4656-rc.read.1.tlog
C:\Users\cwithall\Documents\Visual Studio 2012\Projects\TheCorridor\TheCorridor\Debug\link.4656-rc.write.1.tlog
C:\Users\cwithall\Documents\Visual Studio 2012\Projects\TheCorridor\TheCorridor\Debug\link.4656.read.1.tlog
C:\Users\cwithall\Documents\Visual Studio 2012\Projects\TheCorridor\TheCorridor\Debug\link.4656.write.1.tlog
C:\Users\cwithall\Documents\Visual Studio 2012\Projects\TheCorridor\TheCorridor\Debug\link.7640-cvtres.read.1.tlog
C:\Users\cwithall\Documents\Visual Studio 2012\Projects\TheCorridor\TheCorridor\Debug\link.7640-cvtres.write.1.tlog
C:\Users\cwithall\Documents\Visual Studio 2012\Projects\TheCorridor\TheCorridor\Debug\link.7640-rc.read.1.tlog
C:\Users\cwithall\Documents\Visual Studio 2012\Projects\TheCorridor\TheCorridor\Debug\link.7640-rc.write.1.tlog
C:\Users\cwithall\Documents\Visual Studio 2012\Projects\TheCorridor\TheCorridor\Debug\link.7640.read.1.tlog
C:\Users\cwithall\Documents\Visual Studio 2012\Projects\TheCorridor\TheCorridor\Debug\link.7640.write.1.tlog
C:\Users\cwithall\Documents\Visual Studio 2012\Projects\TheCorridor\TheCorridor\Debug\link.command.1.tlog
C:\Users\cwithall\Documents\Visual Studio 2012\Projects\TheCorridor\TheCorridor\Debug\link.read.1.tlog
C:\Users\cwithall\Documents\Visual Studio 2012\Projects\TheCorridor\TheCorridor\Debug\link.write.1.tlog
C:\Users\cwithall\Documents\Visual Studio 2012\Projects\TheCorridor\TheCorridor\Debug\TheCorridor.pch
C:\Users\cwithall\Documents\Visual Studio 2012\Projects\TheCorridor\TheCorridor\Debug\vc110.idb
C:\Users\cwithall\Documents\Visual Studio 2012\Projects\TheCorridor\TheCorridor\Debug\vc110.pdb
C:\Users\cwithall\Documents\Visual Studio 2012\Projects\TheCorridor\Debug\TheCorridor.pdb
C:\Users\cwithall\Documents\Visual Studio 2012\Projects\TheCorridor\Debug\TheCorridor.exe
C:\Users\cwithall\Documents\Visual Studio 2012\Projects\TheCorridor\Debug\TheCorridor.ilk
